Время синтаксического анализа и компиляции SQL Server: 
 время ЦП = 0 мс, истекшее время = 0 мс.

 Время работы SQL Server:
   Время ЦП = 0 мс, затраченное время = 0 мс.
Время синтаксического анализа и компиляции SQL Server: 
 время ЦП = 47 мс, истекшее время = 124 мс.

 Время работы SQL Server:
   Время ЦП = 0 мс, затраченное время = 0 мс.

 Время работы SQL Server:
   Время ЦП = 0 мс, затраченное время = 0 мс.

 Время работы SQL Server:
   Время ЦП = 0 мс, затраченное время = 0 мс.

(1 row affected)

 Время работы SQL Server:
   Время ЦП = 0 мс, затраченное время = 0 мс.
Время синтаксического анализа и компиляции SQL Server: 
 время ЦП = 16 мс, истекшее время = 26 мс.
Таблица "InvoiceLines". Сканирований 3, логических операций чтения 222, физических операций чтения 0, операций чтения страничного сервера 0, операций чтения, выполненных с упреждением 222, операций чтения страничного сервера, выполненных с упреждением 0, логических операций чтения LOB 342, физических операций чтения LOB 3, операций чтения LOB страничного сервера 0, операций чтения LOB, выполненных с упреждением 783, операций чтения LOB страничного сервера, выполненных с упреждением 0.
Таблица "InvoiceLines". Считано сегментов 1, пропущено 0.
Таблица "Invoices". Сканирований 1, логических операций чтения 13241, физических операций чтения 21, операций чтения страничного сервера 0, операций чтения, выполненных с упреждением 10497, операций чтения страничного сервера, выполненных с упреждением 0, логических операций чтения LOB 0, физических операций чтения LOB 0, операций чтения LOB страничного сервера 0, операций чтения LOB, выполненных с упреждением 0, операций чтения LOB страничного сервера, выполненных с упреждением 0.
Таблица "#A67819A2". Сканирований 0, логических операций чтения 227, физических операций чтения 0, операций чтения страничного сервера 0, операций чтения, выполненных с упреждением 0, операций чтения страничного сервера, выполненных с упреждением 0, логических операций чтения LOB 0, физических операций чтения LOB 0, операций чтения LOB страничного сервера 0, операций чтения LOB, выполненных с упреждением 0, операций чтения LOB страничного сервера, выполненных с упреждением 0.

(227 rows affected)

(1 row affected)

 Время работы SQL Server:
   Время ЦП = 281 мс, затраченное время = 497 мс.
Время синтаксического анализа и компиляции SQL Server: 
 время ЦП = 16 мс, истекшее время = 16 мс.
Таблица "InvoiceLines". Сканирований 3, логических операций чтения 222, физических операций чтения 0, операций чтения страничного сервера 0, операций чтения, выполненных с упреждением 222, операций чтения страничного сервера, выполненных с упреждением 0, логических операций чтения LOB 332, физических операций чтения LOB 2, операций чтения LOB страничного сервера 0, операций чтения LOB, выполненных с упреждением 778, операций чтения LOB страничного сервера, выполненных с упреждением 0.
Таблица "InvoiceLines". Считано сегментов 1, пропущено 0.
Таблица "Invoices". Сканирований 1, логических операций чтения 13241, физических операций чтения 0, операций чтения страничного сервера 0, операций чтения, выполненных с упреждением 13191, операций чтения страничного сервера, выполненных с упреждением 0, логических операций чтения LOB 0, физических операций чтения LOB 0, операций чтения LOB страничного сервера 0, операций чтения LOB, выполненных с упреждением 0, операций чтения LOB страничного сервера, выполненных с упреждением 0.
Таблица "#A76C3DDB". Сканирований 0, логических операций чтения 671, физических операций чтения 0, операций чтения страничного сервера 0, операций чтения, выполненных с упреждением 0, операций чтения страничного сервера, выполненных с упреждением 0, логических операций чтения LOB 0, физических операций чтения LOB 0, операций чтения LOB страничного сервера 0, операций чтения LOB, выполненных с упреждением 0, операций чтения LOB страничного сервера, выполненных с упреждением 0.

(670 rows affected)

(1 row affected)

 Время работы SQL Server:
   Время ЦП = 250 мс, затраченное время = 631 мс.
Время синтаксического анализа и компиляции SQL Server: 
 время ЦП = 672 мс, истекшее время = 758 мс.

(66583 rows affected)
Таблица "InvoiceLines". Сканирований 3, логических операций чтения 222, физических операций чтения 0, операций чтения страничного сервера 0, операций чтения, выполненных с упреждением 0, операций чтения страничного сервера, выполненных с упреждением 0, логических операций чтения LOB 342, физических операций чтения LOB 3, операций чтения LOB страничного сервера 0, операций чтения LOB, выполненных с упреждением 783, операций чтения LOB страничного сервера, выполненных с упреждением 0.
Таблица "InvoiceLines". Считано сегментов 1, пропущено 0.
Таблица "OrderLines". Сканирований 4, логических операций чтения 1050, физических операций чтения 1, операций чтения страничного сервера 0, операций чтения, выполненных с упреждением 1048, операций чтения страничного сервера, выполненных с упреждением 0, логических операций чтения LOB 346, физических операций чтения LOB 3, операций чтения LOB страничного сервера 0, операций чтения LOB, выполненных с упреждением 795, операций чтения LOB страничного сервера, выполненных с упреждением 0.
Таблица "OrderLines". Считано сегментов 1, пропущено 0.
Таблица "Orders". Сканирований 1, логических операций чтения 159, физических операций чтения 1, операций чтения страничного сервера 0, операций чтения, выполненных с упреждением 157, операций чтения страничного сервера, выполненных с упреждением 0, логических операций чтения LOB 0, физических операций чтения LOB 0, операций чтения LOB страничного сервера 0, операций чтения LOB, выполненных с упреждением 0, операций чтения LOB страничного сервера, выполненных с упреждением 0.
Таблица "Invoices". Сканирований 1, логических операций чтения 13241, физических операций чтения 0, операций чтения страничного сервера 0, операций чтения, выполненных с упреждением 12557, операций чтения страничного сервера, выполненных с упреждением 0, логических операций чтения LOB 0, физических операций чтения LOB 0, операций чтения LOB страничного сервера 0, операций чтения LOB, выполненных с упреждением 0, операций чтения LOB страничного сервера, выполненных с упреждением 0.
Таблица "People". Сканирований 1, логических операций чтения 11, физических операций чтения 1, операций чтения страничного сервера 0, операций чтения, выполненных с упреждением 9, операций чтения страничного сервера, выполненных с упреждением 0, логических операций чтения LOB 0, физических операций чтения LOB 0, операций чтения LOB страничного сервера 0, операций чтения LOB, выполненных с упреждением 0, операций чтения LOB страничного сервера, выполненных с упреждением 0.
Таблица "Customers". Сканирований 2, логических операций чтения 18, физических операций чтения 0, операций чтения страничного сервера 0, операций чтения, выполненных с упреждением 0, операций чтения страничного сервера, выполненных с упреждением 0, логических операций чтения LOB 0, физических операций чтения LOB 0, операций чтения LOB страничного сервера 0, операций чтения LOB, выполненных с упреждением 0, операций чтения LOB страничного сервера, выполненных с упреждением 0.
Таблица "StockItems". Сканирований 1, логических операций чтения 6, физических операций чтения 0, операций чтения страничного сервера 0, операций чтения, выполненных с упреждением 0, операций чтения страничного сервера, выполненных с упреждением 0, логических операций чтения LOB 0, физических операций чтения LOB 0, операций чтения LOB страничного сервера 0, операций чтения LOB, выполненных с упреждением 0, операций чтения LOB страничного сервера, выполненных с упреждением 0.
Таблица "PackageTypes". Сканирований 1, логических операций чтения 2, физических операций чтения 0, операций чтения страничного сервера 0, операций чтения, выполненных с упреждением 0, операций чтения страничного сервера, выполненных с упреждением 0, логических операций чтения LOB 0, физических операций чтения LOB 0, операций чтения LOB страничного сервера 0, операций чтения LOB, выполненных с упреждением 0, операций чтения LOB страничного сервера, выполненных с упреждением 0.
Таблица "Worktable". Сканирований 133958, логических операций чтения 272603, физических операций чтения 0, операций чтения страничного сервера 0, операций чтения, выполненных с упреждением 0, операций чтения страничного сервера, выполненных с упреждением 0, логических операций чтения LOB 0, физических операций чтения LOB 0, операций чтения LOB страничного сервера 0, операций чтения LOB, выполненных с упреждением 0, операций чтения LOB страничного сервера, выполненных с упреждением 0.
Таблица "#A76C3DDB". Сканирований 1, логических операций чтения 2, физических операций чтения 0, операций чтения страничного сервера 0, операций чтения, выполненных с упреждением 0, операций чтения страничного сервера, выполненных с упреждением 0, логических операций чтения LOB 0, физических операций чтения LOB 0, операций чтения LOB страничного сервера 0, операций чтения LOB, выполненных с упреждением 0, операций чтения LOB страничного сервера, выполненных с упреждением 0.
Таблица "#A67819A2". Сканирований 1, логических операций чтения 1, физических операций чтения 1, операций чтения страничного сервера 0, операций чтения, выполненных с упреждением 0, операций чтения страничного сервера, выполненных с упреждением 0, логических операций чтения LOB 0, физических операций чтения LOB 0, операций чтения LOB страничного сервера 0, операций чтения LOB, выполненных с упреждением 0, операций чтения LOB страничного сервера, выполненных с упреждением 0.
Таблица "Worktable". Сканирований 0, логических операций чтения 0, физических операций чтения 0, операций чтения страничного сервера 0, операций чтения, выполненных с упреждением 0, операций чтения страничного сервера, выполненных с упреждением 0, логических операций чтения LOB 0, физических операций чтения LOB 0, операций чтения LOB страничного сервера 0, операций чтения LOB, выполненных с упреждением 0, операций чтения LOB страничного сервера, выполненных с упреждением 0.

(1 row affected)

 Время работы SQL Server:
   Время ЦП = 1078 мс, затраченное время = 14366 мс.
Время синтаксического анализа и компиляции SQL Server: 
 время ЦП = 0 мс, истекшее время = 0 мс.

 Время работы SQL Server:
   Время ЦП = 0 мс, затраченное время = 0 мс.

Completion time: 2023-06-20T20:20:45.2457360+03:00
