Время синтаксического анализа и компиляции SQL Server: 
 время ЦП = 0 мс, истекшее время = 0 мс.

 Время работы SQL Server:
   Время ЦП = 0 мс, затраченное время = 0 мс.
Время синтаксического анализа и компиляции SQL Server: 
 время ЦП = 188 мс, истекшее время = 210 мс.

 Время работы SQL Server:
   Время ЦП = 0 мс, затраченное время = 0 мс.

 Время работы SQL Server:
   Время ЦП = 0 мс, затраченное время = 0 мс.

 Время работы SQL Server:
   Время ЦП = 0 мс, затраченное время = 0 мс.

(1 row affected)

 Время работы SQL Server:
   Время ЦП = 0 мс, затраченное время = 0 мс.

(66583 rows affected)
Таблица "InvoiceLines". Сканирований 3, логических операций чтения 222, физических операций чтения 0, операций чтения страничного сервера 0, операций чтения, выполненных с упреждением 0, операций чтения страничного сервера, выполненных с упреждением 0, логических операций чтения LOB 342, физических операций чтения LOB 3, операций чтения LOB страничного сервера 0, операций чтения LOB, выполненных с упреждением 783, операций чтения LOB страничного сервера, выполненных с упреждением 0.
Таблица "InvoiceLines". Считано сегментов 1, пропущено 0.
Таблица "OrderLines". Сканирований 4, логических операций чтения 1050, физических операций чтения 1, операций чтения страничного сервера 0, операций чтения, выполненных с упреждением 988, операций чтения страничного сервера, выполненных с упреждением 0, логических операций чтения LOB 346, физических операций чтения LOB 3, операций чтения LOB страничного сервера 0, операций чтения LOB, выполненных с упреждением 795, операций чтения LOB страничного сервера, выполненных с упреждением 0.
Таблица "OrderLines". Считано сегментов 1, пропущено 0.
Таблица "Invoices". Сканирований 1, логических операций чтения 13241, физических операций чтения 0, операций чтения страничного сервера 0, операций чтения, выполненных с упреждением 13239, операций чтения страничного сервера, выполненных с упреждением 0, логических операций чтения LOB 0, физических операций чтения LOB 0, операций чтения LOB страничного сервера 0, операций чтения LOB, выполненных с упреждением 0, операций чтения LOB страничного сервера, выполненных с упреждением 0.
Таблица "People". Сканирований 1, логических операций чтения 11, физических операций чтения 1, операций чтения страничного сервера 0, операций чтения, выполненных с упреждением 2, операций чтения страничного сервера, выполненных с упреждением 0, логических операций чтения LOB 0, физических операций чтения LOB 0, операций чтения LOB страничного сервера 0, операций чтения LOB, выполненных с упреждением 0, операций чтения LOB страничного сервера, выполненных с упреждением 0.
Таблица "Customers". Сканирований 2, логических операций чтения 18, физических операций чтения 0, операций чтения страничного сервера 0, операций чтения, выполненных с упреждением 0, операций чтения страничного сервера, выполненных с упреждением 0, логических операций чтения LOB 0, физических операций чтения LOB 0, операций чтения LOB страничного сервера 0, операций чтения LOB, выполненных с упреждением 0, операций чтения LOB страничного сервера, выполненных с упреждением 0.
Таблица "StockItems". Сканирований 1, логических операций чтения 6, физических операций чтения 0, операций чтения страничного сервера 0, операций чтения, выполненных с упреждением 0, операций чтения страничного сервера, выполненных с упреждением 0, логических операций чтения LOB 0, физических операций чтения LOB 0, операций чтения LOB страничного сервера 0, операций чтения LOB, выполненных с упреждением 0, операций чтения LOB страничного сервера, выполненных с упреждением 0.
Таблица "PackageTypes". Сканирований 1, логических операций чтения 2, физических операций чтения 1, операций чтения страничного сервера 0, операций чтения, выполненных с упреждением 0, операций чтения страничного сервера, выполненных с упреждением 0, логических операций чтения LOB 0, физических операций чтения LOB 0, операций чтения LOB страничного сервера 0, операций чтения LOB, выполненных с упреждением 0, операций чтения LOB страничного сервера, выполненных с упреждением 0.
Таблица "Worktable". Сканирований 0, логических операций чтения 0, физических операций чтения 0, операций чтения страничного сервера 0, операций чтения, выполненных с упреждением 0, операций чтения страничного сервера, выполненных с упреждением 0, логических операций чтения LOB 0, физических операций чтения LOB 0, операций чтения LOB страничного сервера 0, операций чтения LOB, выполненных с упреждением 0, операций чтения LOB страничного сервера, выполненных с упреждением 0.

(1 row affected)

 Время работы SQL Server:
   Время ЦП = 515 мс, затраченное время = 9079 мс.
Время синтаксического анализа и компиляции SQL Server: 
 время ЦП = 0 мс, истекшее время = 0 мс.

 Время работы SQL Server:
   Время ЦП = 0 мс, затраченное время = 0 мс.

Completion time: 2023-06-20T20:47:36.8886653+03:00
